Performing C SOURCE FILE Test CMAKE_HAVE_LIBC_PTHREAD failed with the following output:
Change Dir: /home/david/robotica/Practica2/Practica2/CMakeFiles/CMakeTmp

Run Build Command(s):/usr/bin/make -f Makefile cmTC_599f3/fast && /usr/bin/make  -f CMakeFiles/cmTC_599f3.dir/build.make CMakeFiles/cmTC_599f3.dir/build
make[1]: se entra en el directorio '/home/david/robotica/Practica2/Practica2/CMakeFiles/CMakeTmp'
Building C object CMakeFiles/cmTC_599f3.dir/src.c.o
/usr/bin/cc -DCMAKE_HAVE_LIBC_PTHREAD   -o CMakeFiles/cmTC_599f3.dir/src.c.o -c /home/david/robotica/Practica2/Practica2/CMakeFiles/CMakeTmp/src.c
Linking C executable cmTC_599f3
/home/david/clion-2021.2.1/bin/cmake/linux/bin/cmake -E cmake_link_script CMakeFiles/cmTC_599f3.dir/link.txt --verbose=1
/usr/bin/cc CMakeFiles/cmTC_599f3.dir/src.c.o -o cmTC_599f3 
/usr/bin/ld: CMakeFiles/cmTC_599f3.dir/src.c.o: en la función `main':
src.c:(.text+0x46): referencia a `pthread_create' sin definir
/usr/bin/ld: src.c:(.text+0x52): referencia a `pthread_detach' sin definir
/usr/bin/ld: src.c:(.text+0x5e): referencia a `pthread_cancel' sin definir
/usr/bin/ld: src.c:(.text+0x6f): referencia a `pthread_join' sin definir
collect2: error: ld returned 1 exit status
make[1]: *** [CMakeFiles/cmTC_599f3.dir/build.make:99: cmTC_599f3] Error 1
make[1]: se sale del directorio '/home/david/robotica/Practica2/Practica2/CMakeFiles/CMakeTmp'
make: *** [Makefile:127: cmTC_599f3/fast] Error 2


Source file was:
#include <pthread.h>

static void* test_func(void* data)
{
  return data;
}

int main(void)
{
  pthread_t thread;
  pthread_create(&thread, NULL, test_func, NULL);
  pthread_detach(thread);
  pthread_cancel(thread);
  pthread_join(thread, NULL);
  pthread_atfork(NULL, NULL, NULL);
  pthread_exit(NULL);

  return 0;
}

Determining if the function pthread_create exists in the pthreads failed with the following output:
Change Dir: /home/david/robotica/Practica2/Practica2/CMakeFiles/CMakeTmp

Run Build Command(s):/usr/bin/make -f Makefile cmTC_adf3c/fast && /usr/bin/make  -f CMakeFiles/cmTC_adf3c.dir/build.make CMakeFiles/cmTC_adf3c.dir/build
make[1]: se entra en el directorio '/home/david/robotica/Practica2/Practica2/CMakeFiles/CMakeTmp'
Building C object CMakeFiles/cmTC_adf3c.dir/CheckFunctionExists.c.o
/usr/bin/cc   -DCHECK_FUNCTION_EXISTS=pthread_create -o CMakeFiles/cmTC_adf3c.dir/CheckFunctionExists.c.o -c /home/david/clion-2021.2.1/bin/cmake/linux/share/cmake-3.20/Modules/CheckFunctionExists.c
Linking C executable cmTC_adf3c
/home/david/clion-2021.2.1/bin/cmake/linux/bin/cmake -E cmake_link_script CMakeFiles/cmTC_adf3c.dir/link.txt --verbose=1
/usr/bin/cc  -DCHECK_FUNCTION_EXISTS=pthread_create CMakeFiles/cmTC_adf3c.dir/CheckFunctionExists.c.o -o cmTC_adf3c  -lpthreads 
/usr/bin/ld: no se puede encontrar -lpthreads
collect2: error: ld returned 1 exit status
make[1]: *** [CMakeFiles/cmTC_adf3c.dir/build.make:99: cmTC_adf3c] Error 1
make[1]: se sale del directorio '/home/david/robotica/Practica2/Practica2/CMakeFiles/CMakeTmp'
make: *** [Makefile:127: cmTC_adf3c/fast] Error 2



Performing C SOURCE FILE Test CMAKE_HAVE_LIBC_PTHREAD failed with the following output:
Change Dir: /home/david/robotica/Practica2/Practica2/CMakeFiles/CMakeTmp

Run Build Command(s):/usr/bin/make cmTC_382c1/fast && /usr/bin/make -f CMakeFiles/cmTC_382c1.dir/build.make CMakeFiles/cmTC_382c1.dir/build
make[1]: se entra en el directorio '/home/david/robotica/Practica2/Practica2/CMakeFiles/CMakeTmp'
Building C object CMakeFiles/cmTC_382c1.dir/src.c.o
/usr/bin/cc   -DCMAKE_HAVE_LIBC_PTHREAD   -o CMakeFiles/cmTC_382c1.dir/src.c.o   -c /home/david/robotica/Practica2/Practica2/CMakeFiles/CMakeTmp/src.c
Linking C executable cmTC_382c1
/usr/bin/cmake -E cmake_link_script CMakeFiles/cmTC_382c1.dir/link.txt --verbose=1
/usr/bin/cc  -DCMAKE_HAVE_LIBC_PTHREAD    CMakeFiles/cmTC_382c1.dir/src.c.o  -o cmTC_382c1 
/usr/bin/ld: CMakeFiles/cmTC_382c1.dir/src.c.o: en la función `main':
src.c:(.text+0x46): referencia a `pthread_create' sin definir
/usr/bin/ld: src.c:(.text+0x52): referencia a `pthread_detach' sin definir
/usr/bin/ld: src.c:(.text+0x63): referencia a `pthread_join' sin definir
collect2: error: ld returned 1 exit status
make[1]: *** [CMakeFiles/cmTC_382c1.dir/build.make:87: cmTC_382c1] Error 1
make[1]: se sale del directorio '/home/david/robotica/Practica2/Practica2/CMakeFiles/CMakeTmp'
make: *** [Makefile:121: cmTC_382c1/fast] Error 2


Source file was:
#include <pthread.h>

void* test_func(void* data)
{
  return data;
}

int main(void)
{
  pthread_t thread;
  pthread_create(&thread, NULL, test_func, NULL);
  pthread_detach(thread);
  pthread_join(thread, NULL);
  pthread_atfork(NULL, NULL, NULL);
  pthread_exit(NULL);

  return 0;
}

Determining if the function pthread_create exists in the pthreads failed with the following output:
Change Dir: /home/david/robotica/Practica2/Practica2/CMakeFiles/CMakeTmp

Run Build Command(s):/usr/bin/make cmTC_06912/fast && /usr/bin/make -f CMakeFiles/cmTC_06912.dir/build.make CMakeFiles/cmTC_06912.dir/build
make[1]: se entra en el directorio '/home/david/robotica/Practica2/Practica2/CMakeFiles/CMakeTmp'
Building C object CMakeFiles/cmTC_06912.dir/CheckFunctionExists.c.o
/usr/bin/cc   -DCHECK_FUNCTION_EXISTS=pthread_create   -o CMakeFiles/cmTC_06912.dir/CheckFunctionExists.c.o   -c /usr/share/cmake-3.16/Modules/CheckFunctionExists.c
Linking C executable cmTC_06912
/usr/bin/cmake -E cmake_link_script CMakeFiles/cmTC_06912.dir/link.txt --verbose=1
/usr/bin/cc  -DCHECK_FUNCTION_EXISTS=pthread_create    CMakeFiles/cmTC_06912.dir/CheckFunctionExists.c.o  -o cmTC_06912  -lpthreads 
/usr/bin/ld: no se puede encontrar -lpthreads
collect2: error: ld returned 1 exit status
make[1]: *** [CMakeFiles/cmTC_06912.dir/build.make:87: cmTC_06912] Error 1
make[1]: se sale del directorio '/home/david/robotica/Practica2/Practica2/CMakeFiles/CMakeTmp'
make: *** [Makefile:121: cmTC_06912/fast] Error 2



